# JRE version: Java(TM) SE Runtime Environment (8.0_191-b12) (build 1.8.0_191-b12)
# Java VM: Java HotSpot(TM) 64-Bit Server VM (25.191-b12 mixed mode linux-amd64 compressed oops)
Heap:
 PSYoungGen      total 180736K, used 12770K [0x00000000e5800000, 0x00000000f1500000, 0x0000000100000000)
  eden space 167936K, 0% used [0x00000000e5800000,0x00000000e5800000,0x00000000efc00000)
  from space 12800K, 99% used [0x00000000efc00000,0x00000000f0878890,0x00000000f0880000)
  to   space 12800K, 0% used [0x00000000f0880000,0x00000000f0880000,0x00000000f1500000)
 ParOldGen       total 57344K, used 23543K [0x00000000b0800000, 0x00000000b4000000, 0x00000000e5800000)
  object space 57344K, 41% used [0x00000000b0800000,0x00000000b1efdde0,0x00000000b4000000)
 Metaspace       used 25972K, capacity 26634K, committed 26752K, reserved 1073152K
  class space    used 2973K, capacity 3134K, committed 3200K, reserved 1048576K
GC Heap History (10 events):
Event: 2,694 GC heap after
Heap after GC invocations=3 (full 0):
 PSYoungGen      total 45056K, used 3040K [0x00000000e5800000, 0x00000000eb000000, 0x0000000100000000)
  eden space 41984K, 0% used [0x00000000e5800000,0x00000000e5800000,0x00000000e8100000)
  from space 3072K, 98% used [0x00000000e8100000,0x00000000e83f8040,0x00000000e8400000)
  to   space 3072K, 0% used [0x00000000ead00000,0x00000000ead00000,0x00000000eb000000)
 ParOldGen       total 54784K, used 9814K [0x00000000b0800000, 0x00000000b3d80000, 0x00000000e5800000)
  object space 54784K, 17% used [0x00000000b0800000,0x00000000b1195af8,0x00000000b3d80000)
 Metaspace       used 14494K, capacity 14766K, committed 14976K, reserved 1062912K
  class space    used 1792K, capacity 1879K, committed 1920K, reserved 1048576K
}
Event: 3,280 GC heap before
{Heap before GC invocations=4 (full 0):
 PSYoungGen      total 45056K, used 45024K [0x00000000e5800000, 0x00000000eb000000, 0x0000000100000000)
  eden space 41984K, 100% used [0x00000000e5800000,0x00000000e8100000,0x00000000e8100000)
  from space 3072K, 98% used [0x00000000e8100000,0x00000000e83f8040,0x00000000e8400000)
  to   space 3072K, 0% used [0x00000000ead00000,0x00000000ead00000,0x00000000eb000000)
 ParOldGen       total 54784K, used 9814K [0x00000000b0800000, 0x00000000b3d80000, 0x00000000e5800000)
  object space 54784K, 17% used [0x00000000b0800000,0x00000000b1195af8,0x00000000b3d80000)
 Metaspace       used 15099K, capacity 15386K, committed 15488K, reserved 1062912K
  class space    used 1828K, capacity 1913K, committed 1920K, reserved 1048576K
Event: 3,295 GC heap after
Heap after GC invocations=4 (full 0):
 PSYoungGen      total 87040K, used 3072K [0x00000000e5800000, 0x00000000eb000000, 0x0000000100000000)
  eden space 83968K, 0% used [0x00000000e5800000,0x00000000e5800000,0x00000000eaa00000)
  from space 3072K, 100% used [0x00000000ead00000,0x00000000eb000000,0x00000000eb000000)
  to   space 3072K, 0% used [0x00000000eaa00000,0x00000000eaa00000,0x00000000ead00000)
 ParOldGen       total 54784K, used 15631K [0x00000000b0800000, 0x00000000b3d80000, 0x00000000e5800000)
  object space 54784K, 28% used [0x00000000b0800000,0x00000000b1743f40,0x00000000b3d80000)
 Metaspace       used 15099K, capacity 15386K, committed 15488K, reserved 1062912K
  class space    used 1828K, capacity 1913K, committed 1920K, reserved 1048576K
}
Event: 5,074 GC heap before
{Heap before GC invocations=5 (full 0):
 PSYoungGen      total 87040K, used 87040K [0x00000000e5800000, 0x00000000eb000000, 0x0000000100000000)
  eden space 83968K, 100% used [0x00000000e5800000,0x00000000eaa00000,0x00000000eaa00000)
  from space 3072K, 100% used [0x00000000ead00000,0x00000000eb000000,0x00000000eb000000)
  to   space 3072K, 0% used [0x00000000eaa00000,0x00000000eaa00000,0x00000000ead00000)
 ParOldGen       total 54784K, used 15631K [0x00000000b0800000, 0x00000000b3d80000, 0x00000000e5800000)
  object space 54784K, 28% used [0x00000000b0800000,0x00000000b1743f40,0x00000000b3d80000)
 Metaspace       used 16967K, capacity 17396K, committed 17792K, reserved 1064960K
  class space    used 1994K, capacity 2066K, committed 2176K, reserved 1048576K
Event: 5,121 GC heap after
Heap after GC invocations=5 (full 0):
 PSYoungGen      total 87040K, used 3040K [0x00000000e5800000, 0x00000000f1500000, 0x0000000100000000)
  eden space 83968K, 0% used [0x00000000e5800000,0x00000000e5800000,0x00000000eaa00000)
  from space 3072K, 98% used [0x00000000eaa00000,0x00000000eacf8020,0x00000000ead00000)
  to   space 12800K, 0% used [0x00000000f0880000,0x00000000f0880000,0x00000000f1500000)
 ParOldGen       total 54784K, used 22141K [0x00000000b0800000, 0x00000000b3d80000, 0x00000000e5800000)
  object space 54784K, 40% used [0x00000000b0800000,0x00000000b1d9f5e8,0x00000000b3d80000)
 Metaspace       used 16967K, capacity 17396K, committed 17792K, reserved 1064960K
  class space    used 1994K, capacity 2066K, committed 2176K, reserved 1048576K
}
Event: 5,655 GC heap before
{Heap before GC invocations=6 (full 0):
 PSYoungGen      total 87040K, used 25143K [0x00000000e5800000, 0x00000000f1500000, 0x0000000100000000)
  eden space 83968K, 26% used [0x00000000e5800000,0x00000000e6d95eb0,0x00000000eaa00000)
  from space 3072K, 98% used [0x00000000eaa00000,0x00000000eacf8020,0x00000000ead00000)
  to   space 12800K, 0% used [0x00000000f0880000,0x00000000f0880000,0x00000000f1500000)
 ParOldGen       total 54784K, used 22141K [0x00000000b0800000, 0x00000000b3d80000, 0x00000000e5800000)
  object space 54784K, 40% used [0x00000000b0800000,0x00000000b1d9f5e8,0x00000000b3d80000)
 Metaspace       used 20625K, capacity 21132K, committed 21296K, reserved 1069056K
  class space    used 2488K, capacity 2654K, committed 2688K, reserved 1048576K
Event: 5,677 GC heap after
Heap after GC invocations=6 (full 0):
 PSYoungGen      total 180736K, used 4691K [0x00000000e5800000, 0x00000000f1500000, 0x0000000100000000)
  eden space 167936K, 0% used [0x00000000e5800000,0x00000000e5800000,0x00000000efc00000)
  from space 12800K, 36% used [0x00000000f0880000,0x00000000f0d14c88,0x00000000f1500000)
  to   space 12800K, 0% used [0x00000000efc00000,0x00000000efc00000,0x00000000f0880000)
 ParOldGen       total 54784K, used 22141K [0x00000000b0800000, 0x00000000b3d80000, 0x00000000e5800000)
  object space 54784K, 40% used [0x00000000b0800000,0x00000000b1d9f5e8,0x00000000b3d80000)
 Metaspace       used 20625K, capacity 21132K, committed 21296K, reserved 1069056K
  class space    used 2488K, capacity 2654K, committed 2688K, reserved 1048576K
}
Event: 5,677 GC heap before
{Heap before GC invocations=7 (full 1):
 PSYoungGen      total 180736K, used 4691K [0x00000000e5800000, 0x00000000f1500000, 0x0000000100000000)
  eden space 167936K, 0% used [0x00000000e5800000,0x00000000e5800000,0x00000000efc00000)
  from space 12800K, 36% used [0x00000000f0880000,0x00000000f0d14c88,0x00000000f1500000)
  to   space 12800K, 0% used [0x00000000efc00000,0x00000000efc00000,0x00000000f0880000)
 ParOldGen       total 54784K, used 22141K [0x00000000b0800000, 0x00000000b3d80000, 0x00000000e5800000)
  object space 54784K, 40% used [0x00000000b0800000,0x00000000b1d9f5e8,0x00000000b3d80000)
 Metaspace       used 20625K, capacity 21132K, committed 21296K, reserved 1069056K
  class space    used 2488K, capacity 2654K, committed 2688K, reserved 1048576K
Event: 5,812 GC heap after
Heap after GC invocations=7 (full 1):
 PSYoungGen      total 180736K, used 0K [0x00000000e5800000, 0x00000000f1500000, 0x0000000100000000)
  eden space 167936K, 0% used [0x00000000e5800000,0x00000000e5800000,0x00000000efc00000)
  from space 12800K, 0% used [0x00000000f0880000,0x00000000f0880000,0x00000000f1500000)
  to   space 12800K, 0% used [0x00000000efc00000,0x00000000efc00000,0x00000000f0880000)
 ParOldGen       total 57344K, used 16458K [0x00000000b0800000, 0x00000000b4000000, 0x00000000e5800000)
  object space 57344K, 28% used [0x00000000b0800000,0x00000000b18129c8,0x00000000b4000000)
 Metaspace       used 20625K, capacity 21132K, committed 21296K, reserved 1069056K
  class space    used 2488K, capacity 2654K, committed 2688K, reserved 1048576K
}
Event: 20,313 GC heap before
{Heap before GC invocations=8 (full 1):
 PSYoungGen      total 180736K, used 163020K [0x00000000e5800000, 0x00000000f1500000, 0x0000000100000000)
  eden space 167936K, 97% used [0x00000000e5800000,0x00000000ef733130,0x00000000efc00000)
  from space 12800K, 0% used [0x00000000f0880000,0x00000000f0880000,0x00000000f1500000)
  to   space 12800K, 0% used [0x00000000efc00000,0x00000000efc00000,0x00000000f0880000)
 ParOldGen       total 57344K, used 16458K [0x00000000b0800000, 0x00000000b4000000, 0x00000000e5800000)
  object space 57344K, 28% used [0x00000000b0800000,0x00000000b18129c8,0x00000000b4000000)
 Metaspace       used 25972K, capacity 26634K, committed 26752K, reserved 1073152K
  class space    used 2973K, capacity 3134K, committed 3200K, reserved 1048576K

